c:\users\aleksandar\source\repos\mfc-calc\cmathoperations\x64\debug\cmathoperations.pch
c:\users\aleksandar\source\repos\mfc-calc\cmathoperations\x64\debug\vc143.pdb
c:\users\aleksandar\source\repos\mfc-calc\cmathoperations\x64\debug\vc143.idb
c:\users\aleksandar\source\repos\mfc-calc\cmathoperations\x64\debug\pch.obj
c:\users\aleksandar\source\repos\mfc-calc\cmathoperations\x64\debug\cmathoperationsfunctions.obj
c:\users\aleksandar\source\repos\mfc-calc\cmathoperations\x64\debug\cmathoperations.obj
c:\users\aleksandar\source\repos\mfc-calc\calculatorproject\x64\debug\cmathoperations.dll
c:\users\aleksandar\source\repos\mfc-calc\calculatorproject\x64\debug\cmathoperations.pdb
c:\users\aleksandar\source\repos\mfc-calc\cmathoperations\x64\debug\cmathoperations.res
c:\users\aleksandar\source\repos\mfc-calc\calculatorproject\x64\debug\cmathoperations.lib
c:\users\aleksandar\source\repos\mfc-calc\calculatorproject\x64\debug\cmathoperations.exp
c:\users\aleksandar\source\repos\mfc-calc\cmathoperations\x64\debug\cmathoperations.ilk
c:\users\aleksandar\source\repos\mfc-calc\cmathoperations\x64\debug\cmathoperations.tlog\cl.command.1.tlog
c:\users\aleksandar\source\repos\mfc-calc\cmathoperations\x64\debug\cmathoperations.tlog\cl.items.tlog
c:\users\aleksandar\source\repos\mfc-calc\cmathoperations\x64\debug\cmathoperations.tlog\cl.read.1.tlog
c:\users\aleksandar\source\repos\mfc-calc\cmathoperations\x64\debug\cmathoperations.tlog\cl.write.1.tlog
c:\users\aleksandar\source\repos\mfc-calc\cmathoperations\x64\debug\cmathoperations.tlog\link.command.1.tlog
c:\users\aleksandar\source\repos\mfc-calc\cmathoperations\x64\debug\cmathoperations.tlog\link.read.1.tlog
c:\users\aleksandar\source\repos\mfc-calc\cmathoperations\x64\debug\cmathoperations.tlog\link.secondary.1.tlog
c:\users\aleksandar\source\repos\mfc-calc\cmathoperations\x64\debug\cmathoperations.tlog\link.write.1.tlog
c:\users\aleksandar\source\repos\mfc-calc\cmathoperations\x64\debug\cmathoperations.tlog\rc.command.1.tlog
c:\users\aleksandar\source\repos\mfc-calc\cmathoperations\x64\debug\cmathoperations.tlog\rc.read.1.tlog
c:\users\aleksandar\source\repos\mfc-calc\cmathoperations\x64\debug\cmathoperations.tlog\rc.write.1.tlog
