c:\users\aleksandar\source\repos\mfc-calc\calculatorproject\calculat.29fcd0ca\x64\debug\calculatorproject.pch
c:\users\aleksandar\source\repos\mfc-calc\calculatorproject\calculat.29fcd0ca\x64\debug\vc143.pdb
c:\users\aleksandar\source\repos\mfc-calc\calculatorproject\calculat.29fcd0ca\x64\debug\vc143.idb
c:\users\aleksandar\source\repos\mfc-calc\calculatorproject\calculat.29fcd0ca\x64\debug\pch.obj
c:\users\aleksandar\source\repos\mfc-calc\calculatorproject\calculat.29fcd0ca\x64\debug\calculatorprojectdlg.obj
c:\users\aleksandar\source\repos\mfc-calc\calculatorproject\calculat.29fcd0ca\x64\debug\calculatorproject.obj
c:\users\aleksandar\source\repos\mfc-calc\calculatorproject\x64\debug\calculatorproject.exe
c:\users\aleksandar\source\repos\mfc-calc\calculatorproject\x64\debug\calculatorproject.pdb
c:\users\aleksandar\source\repos\mfc-calc\calculatorproject\calculat.29fcd0ca\x64\debug\calculatorproject.res
c:\users\aleksandar\source\repos\mfc-calc\calculatorproject\x64\debug\calculatorproject.lib
c:\users\aleksandar\source\repos\mfc-calc\calculatorproject\x64\debug\calculatorproject.exp
c:\users\aleksandar\source\repos\mfc-calc\calculatorproject\calculat.29fcd0ca\x64\debug\calculatorproject.ilk
c:\users\aleksandar\source\repos\mfc-calc\calculatorproject\calculat.29fcd0ca\x64\debug\calculat.29fcd0ca.tlog\cl.command.1.tlog
c:\users\aleksandar\source\repos\mfc-calc\calculatorproject\calculat.29fcd0ca\x64\debug\calculat.29fcd0ca.tlog\cl.items.tlog
c:\users\aleksandar\source\repos\mfc-calc\calculatorproject\calculat.29fcd0ca\x64\debug\calculat.29fcd0ca.tlog\cl.read.1.tlog
c:\users\aleksandar\source\repos\mfc-calc\calculatorproject\calculat.29fcd0ca\x64\debug\calculat.29fcd0ca.tlog\cl.write.1.tlog
c:\users\aleksandar\source\repos\mfc-calc\calculatorproject\calculat.29fcd0ca\x64\debug\calculat.29fcd0ca.tlog\link.command.1.tlog
c:\users\aleksandar\source\repos\mfc-calc\calculatorproject\calculat.29fcd0ca\x64\debug\calculat.29fcd0ca.tlog\link.read.1.tlog
c:\users\aleksandar\source\repos\mfc-calc\calculatorproject\calculat.29fcd0ca\x64\debug\calculat.29fcd0ca.tlog\link.secondary.1.tlog
c:\users\aleksandar\source\repos\mfc-calc\calculatorproject\calculat.29fcd0ca\x64\debug\calculat.29fcd0ca.tlog\link.write.1.tlog
c:\users\aleksandar\source\repos\mfc-calc\calculatorproject\calculat.29fcd0ca\x64\debug\calculat.29fcd0ca.tlog\rc.command.1.tlog
c:\users\aleksandar\source\repos\mfc-calc\calculatorproject\calculat.29fcd0ca\x64\debug\calculat.29fcd0ca.tlog\rc.read.1.tlog
c:\users\aleksandar\source\repos\mfc-calc\calculatorproject\calculat.29fcd0ca\x64\debug\calculat.29fcd0ca.tlog\rc.write.1.tlog
